/*C22*/SET SCHEMA PUBLIC
alter table mentee drop constraint FKflylypkbli0jm34277gta42mr
drop table mentee if exists
drop table mentor if exists
create table mentee (id integer generated by default as identity (start with 1), email varchar(255), first_name varchar(255), last_name varchar(255), level varchar(255), main_skill varchar(255), id_mentor integer, primary key (id))
create table mentor (id integer generated by default as identity (start with 1), email varchar(255), first_name varchar(255), last_name varchar(255), level varchar(255), main_skill varchar(255), primary key (id))
alter table mentee add constraint FKflylypkbli0jm34277gta42mr foreign key (id_mentor) references mentor
INSERT INTO MENTEE VALUES(1,'MenteeFirst1_MenteeLast1@epam.com','MenteeFirst1','MenteeLast1','D3','Java',NULL)
COMMIT
INSERT INTO MENTEE VALUES(2,'MenteeFirst2_MenteeLast2@epam.com','MenteeFirst2','MenteeLast2','D3','Java',NULL)
COMMIT
INSERT INTO MENTEE VALUES(3,'MenteeFirst3_MenteeLast3@epam.com','MenteeFirst3','MenteeLast3','D3','Java',NULL)
COMMIT
INSERT INTO MENTOR VALUES(1,NULL,NULL,NULL,NULL,NULL)
COMMIT
/*C21*/SET SCHEMA PUBLIC
DELETE FROM MENTEE WHERE ID=1
INSERT INTO MENTEE VALUES(1,'MenteeFirst1_MenteeLast1@epam.com','MenteeFirst1','MenteeLast1','D3','Java',1)
COMMIT
/*C22*/DELETE FROM MENTEE WHERE ID=1
DELETE FROM MENTEE WHERE ID=2
DELETE FROM MENTEE WHERE ID=3
COMMIT
INSERT INTO MENTEE VALUES(1,'MenteeFirst1_MenteeLast1@epam.com','MenteeFirst1','MenteeLast1','D3','Java',NULL)
COMMIT
INSERT INTO MENTEE VALUES(2,'MenteeFirst2_MenteeLast2@epam.com','MenteeFirst2','MenteeLast2','D3','Java',NULL)
COMMIT
INSERT INTO MENTEE VALUES(3,'MenteeFirst3_MenteeLast3@epam.com','MenteeFirst3','MenteeLast3','D3','Java',NULL)
COMMIT
/*C21*/DELETE FROM MENTEE WHERE ID=1
COMMIT
/*C22*/DELETE FROM MENTEE WHERE ID=2
DELETE FROM MENTEE WHERE ID=3
COMMIT
INSERT INTO MENTEE VALUES(1,'MenteeFirst1_MenteeLast1@epam.com','MenteeFirst1','MenteeLast1','D3','Java',NULL)
COMMIT
INSERT INTO MENTEE VALUES(2,'MenteeFirst2_MenteeLast2@epam.com','MenteeFirst2','MenteeLast2','D3','Java',NULL)
COMMIT
INSERT INTO MENTEE VALUES(3,'MenteeFirst3_MenteeLast3@epam.com','MenteeFirst3','MenteeLast3','D3','Java',NULL)
COMMIT
DELETE FROM MENTEE WHERE ID=1
DELETE FROM MENTEE WHERE ID=2
DELETE FROM MENTEE WHERE ID=3
COMMIT
INSERT INTO MENTEE VALUES(1,'MenteeFirst1_MenteeLast1@epam.com','MenteeFirst1','MenteeLast1','D3','Java',NULL)
COMMIT
INSERT INTO MENTEE VALUES(2,'MenteeFirst2_MenteeLast2@epam.com','MenteeFirst2','MenteeLast2','D3','Java',NULL)
COMMIT
INSERT INTO MENTEE VALUES(3,'MenteeFirst3_MenteeLast3@epam.com','MenteeFirst3','MenteeLast3','D3','Java',NULL)
COMMIT
/*C21*/INSERT INTO MENTEE VALUES(4,'MenteeFirst4_MenteeLast4@epam.com','MenteeFirst4','MenteeLast4','D3','Java',NULL)
COMMIT
/*C22*/DELETE FROM MENTOR WHERE ID=1
COMMIT
INSERT INTO MENTOR VALUES(1,'MentorFirst1_MentorLast1@epam.com','MentorFirst1','MentorLast1','D5','Java')
COMMIT
INSERT INTO MENTOR VALUES(2,'MentorFirst2_MentorLast2@epam.com','MentorFirst2','MentorLast2','D5','Java')
COMMIT
INSERT INTO MENTOR VALUES(3,'MentorFirst3_MentorLast3@epam.com','MentorFirst3','MentorLast3','D5','Java')
COMMIT
DELETE FROM MENTOR WHERE ID=1
DELETE FROM MENTOR WHERE ID=2
DELETE FROM MENTOR WHERE ID=3
COMMIT
INSERT INTO MENTOR VALUES(1,'MentorFirst1_MentorLast1@epam.com','MentorFirst1','MentorLast1','D5','Java')
COMMIT
INSERT INTO MENTOR VALUES(2,'MentorFirst2_MentorLast2@epam.com','MentorFirst2','MentorLast2','D5','Java')
COMMIT
INSERT INTO MENTOR VALUES(3,'MentorFirst3_MentorLast3@epam.com','MentorFirst3','MentorLast3','D5','Java')
COMMIT
/*C21*/DELETE FROM MENTOR WHERE ID=1
INSERT INTO MENTOR VALUES(1,'MentorFirst1_MentorLast1@epam.com','MentorFirst1','MentorLast1','D5','Java Script')
COMMIT
/*C22*/DELETE FROM MENTOR WHERE ID=1
DELETE FROM MENTOR WHERE ID=2
DELETE FROM MENTOR WHERE ID=3
COMMIT
INSERT INTO MENTOR VALUES(1,'MentorFirst1_MentorLast1@epam.com','MentorFirst1','MentorLast1','D5','Java')
COMMIT
INSERT INTO MENTOR VALUES(2,'MentorFirst2_MentorLast2@epam.com','MentorFirst2','MentorLast2','D5','Java')
COMMIT
INSERT INTO MENTOR VALUES(3,'MentorFirst3_MentorLast3@epam.com','MentorFirst3','MentorLast3','D5','Java')
COMMIT
DELETE FROM MENTOR WHERE ID=1
DELETE FROM MENTOR WHERE ID=2
DELETE FROM MENTOR WHERE ID=3
COMMIT
INSERT INTO MENTOR VALUES(1,'MentorFirst1_MentorLast1@epam.com','MentorFirst1','MentorLast1','D5','Java')
COMMIT
INSERT INTO MENTOR VALUES(2,'MentorFirst2_MentorLast2@epam.com','MentorFirst2','MentorLast2','D5','Java')
COMMIT
INSERT INTO MENTOR VALUES(3,'MentorFirst3_MentorLast3@epam.com','MentorFirst3','MentorLast3','D5','Java')
COMMIT
/*C21*/DELETE FROM MENTOR WHERE ID=1
COMMIT
/*C22*/DELETE FROM MENTOR WHERE ID=2
DELETE FROM MENTOR WHERE ID=3
COMMIT
INSERT INTO MENTOR VALUES(1,'MentorFirst1_MentorLast1@epam.com','MentorFirst1','MentorLast1','D5','Java')
COMMIT
INSERT INTO MENTOR VALUES(2,'MentorFirst2_MentorLast2@epam.com','MentorFirst2','MentorLast2','D5','Java')
COMMIT
INSERT INTO MENTOR VALUES(3,'MentorFirst3_MentorLast3@epam.com','MentorFirst3','MentorLast3','D5','Java')
COMMIT
DELETE FROM MENTOR WHERE ID=1
DELETE FROM MENTOR WHERE ID=2
DELETE FROM MENTOR WHERE ID=3
COMMIT
INSERT INTO MENTOR VALUES(1,'MentorFirst1_MentorLast1@epam.com','MentorFirst1','MentorLast1','D5','Java')
COMMIT
INSERT INTO MENTOR VALUES(2,'MentorFirst2_MentorLast2@epam.com','MentorFirst2','MentorLast2','D5','Java')
COMMIT
INSERT INTO MENTOR VALUES(3,'MentorFirst3_MentorLast3@epam.com','MentorFirst3','MentorLast3','D5','Java')
COMMIT
DELETE FROM MENTOR WHERE ID=1
DELETE FROM MENTOR WHERE ID=2
DELETE FROM MENTOR WHERE ID=3
COMMIT
INSERT INTO MENTOR VALUES(1,'MentorFirst1_MentorLast1@epam.com','MentorFirst1','MentorLast1','D5','Java')
COMMIT
INSERT INTO MENTOR VALUES(2,'MentorFirst2_MentorLast2@epam.com','MentorFirst2','MentorLast2','D5','Java')
COMMIT
INSERT INTO MENTOR VALUES(3,'MentorFirst3_MentorLast3@epam.com','MentorFirst3','MentorLast3','D5','Java')
COMMIT
DELETE FROM MENTOR WHERE ID=1
DELETE FROM MENTOR WHERE ID=2
DELETE FROM MENTOR WHERE ID=3
COMMIT
INSERT INTO MENTOR VALUES(1,'MentorFirst1_MentorLast1@epam.com','MentorFirst1','MentorLast1','D5','Java')
COMMIT
INSERT INTO MENTOR VALUES(2,'MentorFirst2_MentorLast2@epam.com','MentorFirst2','MentorLast2','D5','Java')
COMMIT
INSERT INTO MENTOR VALUES(3,'MentorFirst3_MentorLast3@epam.com','MentorFirst3','MentorLast3','D5','Java')
COMMIT
/*C21*/INSERT INTO MENTOR VALUES(4,'MentorFirst4_MentorLast4@epam.com','MentorFirst4','MentorLast4','D5','Java')
COMMIT
/*C22*/DELETE FROM MENTOR WHERE ID=1
DELETE FROM MENTOR WHERE ID=2
DELETE FROM MENTOR WHERE ID=3
DELETE FROM MENTOR WHERE ID=4
COMMIT
INSERT INTO MENTOR VALUES(1,'MentorFirst1_MentorLast1@epam.com','MentorFirst1','MentorLast1','D5','Java')
COMMIT
INSERT INTO MENTOR VALUES(2,'MentorFirst2_MentorLast2@epam.com','MentorFirst2','MentorLast2','D5','Java')
COMMIT
INSERT INTO MENTOR VALUES(3,'MentorFirst3_MentorLast3@epam.com','MentorFirst3','MentorLast3','D5','Java')
COMMIT
DELETE FROM MENTOR WHERE ID=1
DELETE FROM MENTOR WHERE ID=2
DELETE FROM MENTOR WHERE ID=3
COMMIT
INSERT INTO MENTOR VALUES(1,'MentorFirst1_MentorLast1@epam.com','MentorFirst1','MentorLast1','D5','Java')
COMMIT
INSERT INTO MENTOR VALUES(2,'MentorFirst2_MentorLast2@epam.com','MentorFirst2','MentorLast2','D5','Java')
COMMIT
INSERT INTO MENTOR VALUES(3,'MentorFirst3_MentorLast3@epam.com','MentorFirst3','MentorLast3','D5','Java')
COMMIT
/*C21*/DISCONNECT
/*C22*/DISCONNECT
/*C20*/SET SCHEMA PUBLIC
DISCONNECT
/*C19*/SET SCHEMA PUBLIC
DISCONNECT
/*C18*/SET SCHEMA PUBLIC
DISCONNECT
/*C17*/SET SCHEMA PUBLIC
DISCONNECT
/*C16*/SET SCHEMA PUBLIC
DISCONNECT
/*C15*/SET SCHEMA PUBLIC
DISCONNECT
/*C14*/SET SCHEMA PUBLIC
DISCONNECT
/*C13*/SET SCHEMA PUBLIC
DISCONNECT
